<?xml version="1.0" encoding="utf-8"?><testsuite errors="0" failures="7" name="pytest" skipped="3" tests="59" time="5.005"><testcase classname="apitest.test_list_user" file="apitest\test_list_user.py" line="3" name="test_list_valid_user[1-George]" time="1.031"></testcase><testcase classname="apitest.test_list_user" file="apitest\test_list_user.py" line="3" name="test_list_valid_user[2-Janet]" time="0.745"></testcase><testcase classname="apitest.test_list_user" file="apitest\test_list_user.py" line="12" name="test_list_invaliduser" time="0.715"></testcase><testcase classname="apitest.test_login_user" file="apitest\test_login_user.py" line="3" name="test_login_valid" time="0.468"></testcase><testcase classname="apitest.test_login_user" file="apitest\test_login_user.py" line="11" name="test_login_no_password" time="0.806"></testcase><testcase classname="apitest.test_login_user" file="apitest\test_login_user.py" line="19" name="test_login_no_email" time="0.504"></testcase><testcase classname="calculator.tests.test_calc_class" file="calculator\tests\test_calc_class.py" line="100" name="test_last_answer_init" time="0.004"></testcase><testcase classname="calculator.tests.test_calc_class" file="calculator\tests\test_calc_class.py" line="104" name="test_add" time="0.000"></testcase><testcase classname="calculator.tests.test_calc_class" file="calculator\tests\test_calc_class.py" line="109" name="test_subtract" time="0.000"></testcase><testcase classname="calculator.tests.test_calc_class" file="calculator\tests\test_calc_class.py" line="114" name="test_subtract_negative" time="0.004"></testcase><testcase classname="calculator.tests.test_calc_class" file="calculator\tests\test_calc_class.py" line="119" name="test_multiply" time="0.000"></testcase><testcase classname="calculator.tests.test_calc_class" file="calculator\tests\test_calc_class.py" line="124" name="test_divide" time="0.000"></testcase><testcase classname="calculator.tests.test_calc_class" file="calculator\tests\test_calc_class.py" line="132" name="test_divide_by_zero" time="0.004"></testcase><testcase classname="calculator.tests.test_calc_class" file="calculator\tests\test_calc_class.py" line="142" name="test_maximum[3.0-2.0-3.0]" time="0.008"></testcase><testcase classname="calculator.tests.test_calc_class" file="calculator\tests\test_calc_class.py" line="142" name="test_maximum[2.0-3.0-3.0]" time="0.008"></testcase><testcase classname="calculator.tests.test_calc_class" file="calculator\tests\test_calc_class.py" line="142" name="test_maximum[3.0-3.0-3.0]" time="0.004"></testcase><testcase classname="calculator.tests.test_calc_class" file="calculator\tests\test_calc_class.py" line="152" name="test_minimum[3.0-2.0-2.0]" time="0.000"></testcase><testcase classname="calculator.tests.test_calc_class" file="calculator\tests\test_calc_class.py" line="152" name="test_minimum[2.0-3.0-2.0]" time="0.000"></testcase><testcase classname="calculator.tests.test_calc_class" file="calculator\tests\test_calc_class.py" line="152" name="test_minimum[2.0-2.0-2.0]" time="0.004"></testcase><testcase classname="calculator.tests.test_calc_func" file="calculator\tests\test_calc_func.py" line="43" name="test_add" time="0.004"></testcase><testcase classname="calculator.tests.test_calc_func" file="calculator\tests\test_calc_func.py" line="48" name="test_subtract" time="0.000"></testcase><testcase classname="calculator.tests.test_calc_func" file="calculator\tests\test_calc_func.py" line="53" name="test_subtract_negative" time="0.000"></testcase><testcase classname="calculator.tests.test_calc_func" file="calculator\tests\test_calc_func.py" line="58" name="test_multiply" time="0.004"></testcase><testcase classname="calculator.tests.test_calc_func" file="calculator\tests\test_calc_func.py" line="63" name="test_divide" time="0.000"></testcase><testcase classname="calculator.tests.test_calc_func" file="calculator\tests\test_calc_func.py" line="71" name="test_divide_by_zero" time="0.000"></testcase><testcase classname="calculator.tests.test_calc_func" file="calculator\tests\test_calc_func.py" line="80" name="test_maximum[3.0-2.0-3.0]" time="0.004"></testcase><testcase classname="calculator.tests.test_calc_func" file="calculator\tests\test_calc_func.py" line="80" name="test_maximum[2.0-3.0-3.0]" time="0.000"></testcase><testcase classname="calculator.tests.test_calc_func" file="calculator\tests\test_calc_func.py" line="80" name="test_maximum[3.0-3.0-3.0]" time="0.000"></testcase><testcase classname="calculator.tests.test_calc_func" file="calculator\tests\test_calc_func.py" line="89" name="test_minimum[3.0-2.0-2.0]" time="0.004"></testcase><testcase classname="calculator.tests.test_calc_func" file="calculator\tests\test_calc_func.py" line="89" name="test_minimum[2.0-3.0-2.0]" time="0.000"></testcase><testcase classname="calculator.tests.test_calc_func" file="calculator\tests\test_calc_func.py" line="89" name="test_minimum[2.0-2.0-2.0]" time="0.004"></testcase><testcase classname="calculator.tests.mytest.test_calc_func" file="calculator\tests\mytest\test_calc_func.py" line="14" name="test_add" time="0.004"></testcase><testcase classname="calculator.tests.mytest.test_calc_func" file="calculator\tests\mytest\test_calc_func.py" line="19" name="test_subtract" time="0.000"></testcase><testcase classname="calculator.tests.mytest.test_calc_func" file="calculator\tests\mytest\test_calc_func.py" line="24" name="test_subtract_negative" time="0.008"></testcase><testcase classname="calculator.tests.mytest.test_calc_func" file="calculator\tests\mytest\test_calc_func.py" line="29" name="test_multiply" time="0.000"></testcase><testcase classname="calculator.tests.mytest.test_calc_func" file="calculator\tests\mytest\test_calc_func.py" line="34" name="test_divide" time="0.004"></testcase><testcase classname="calculator.tests.mytest.test_calc_func" file="calculator\tests\mytest\test_calc_func.py" line="42" name="test_divide_by_zero" time="0.004"></testcase><testcase classname="calculator.tests.mytest.test_calc_func" file="calculator\tests\mytest\test_calc_func.py" line="51" name="test_maximum[3.0-2.0-3.0]" time="0.004"></testcase><testcase classname="calculator.tests.mytest.test_calc_func" file="calculator\tests\mytest\test_calc_func.py" line="51" name="test_maximum[2.0-3.0-3.0]" time="0.008"></testcase><testcase classname="calculator.tests.mytest.test_calc_func" file="calculator\tests\mytest\test_calc_func.py" line="51" name="test_maximum[3.0-3.0-3.0]" time="0.000"></testcase><testcase classname="calculator.tests.mytest.test_calc_func" file="calculator\tests\mytest\test_calc_func.py" line="60" name="test_minimum[3.0-2.0-2.0]" time="0.000"></testcase><testcase classname="calculator.tests.mytest.test_calc_func" file="calculator\tests\mytest\test_calc_func.py" line="60" name="test_minimum[2.0-3.0-2.0]" time="0.000"></testcase><testcase classname="calculator.tests.mytest.test_calc_func" file="calculator\tests\mytest\test_calc_func.py" line="60" name="test_minimum[2.0-2.0-2.0]" time="0.004"></testcase><testcase classname="myfile.test_addition" file="myfile\test_addition.py" line="6" name="test_add_1" time="0.008"><skipped message="unconditional skip" type="pytest.skip">myfile\test_addition.py:6: unconditional skip</skipped></testcase><testcase classname="myfile.test_addition" file="myfile\test_addition.py" line="10" name="test_add_2" time="0.000"><skipped message="unconditional skip" type="pytest.skip">myfile\test_addition.py:10: unconditional skip</skipped></testcase><testcase classname="myfile.test_addition" file="myfile\test_addition.py" line="14" name="test_add_3" time="0.008"></testcase><testcase classname="myfile.test_addition" file="myfile\test_addition.py" line="18" name="test_add_4" time="0.004"><skipped message="expected test failure"></skipped></testcase><testcase classname="myfile.test_addition" file="myfile\test_addition.py" line="22" name="test_add_5" time="0.000"></testcase><testcase classname="myfile.test_addition" file="myfile\test_addition.py" line="25" name="test_add_6" time="0.000"><failure message="AssertionError: failed
assert 5 == 6
  -5
  +6">def test_add_6():
&gt;   	assert 3+2 == 6,&quot;failed&quot;
E    AssertionError: failed
E    assert 5 == 6
E      -5
E      +6

myfile\test_addition.py:27: AssertionError</failure></testcase><testcase classname="myfile.test_basic_fixture" file="myfile\test_basic_fixture.py" line="1" name="test_comparewithAA" time="0.004"><failure message="AssertionError: aa and zz comparison failed
assert 25 == 35
  -25
  +35">supply_AA_BB_CC = [25, 35, 45]

    def test_comparewithAA(supply_AA_BB_CC):
    	zz=35
&gt;   	assert supply_AA_BB_CC[0]==zz,&quot;aa and zz comparison failed&quot;
E    AssertionError: aa and zz comparison failed
E    assert 25 == 35
E      -25
E      +35

myfile\test_basic_fixture.py:4: AssertionError</failure></testcase><testcase classname="myfile.test_basic_fixture" file="myfile\test_basic_fixture.py" line="5" name="test_comparewithBB" time="0.000"></testcase><testcase classname="myfile.test_basic_fixture" file="myfile\test_basic_fixture.py" line="9" name="test_comparewithCC" time="0.004"><failure message="AssertionError: cc and zz comparison failed
assert 45 == 35
  -45
  +35">supply_AA_BB_CC = [25, 35, 45]

    def test_comparewithCC(supply_AA_BB_CC):
    	zz=35
&gt;   	assert supply_AA_BB_CC[2]==zz,&quot;cc and zz comparison failed&quot;
E    AssertionError: cc and zz comparison failed
E    assert 45 == 35
E      -45
E      +35

myfile\test_basic_fixture.py:12: AssertionError</failure></testcase><testcase classname="myfile.test_basic_fixture2" file="myfile\test_basic_fixture2.py" line="1" name="test_comparewithAA_file2" time="0.004"></testcase><testcase classname="myfile.test_basic_fixture2" file="myfile\test_basic_fixture2.py" line="5" name="test_comparewithBB_file2" time="0.004"><failure message="AssertionError: bb and zz comparison failed
assert 35 == 25
  -35
  +25">supply_AA_BB_CC = [25, 35, 45]

    def test_comparewithBB_file2(supply_AA_BB_CC):
    	zz=25
&gt;   	assert supply_AA_BB_CC[1]==zz,&quot;bb and zz comparison failed&quot;
E    AssertionError: bb and zz comparison failed
E    assert 35 == 25
E      -35
E      +25

myfile\test_basic_fixture2.py:8: AssertionError</failure></testcase><testcase classname="myfile.test_basic_fixture2" file="myfile\test_basic_fixture2.py" line="9" name="test_comparewithCC_file2" time="0.004"><failure message="AssertionError: cc and zz comparison failed
assert 45 == 25
  -45
  +25">supply_AA_BB_CC = [25, 35, 45]

    def test_comparewithCC_file2(supply_AA_BB_CC):
    	zz=25
&gt;   	assert supply_AA_BB_CC[2]==zz,&quot;cc and zz comparison failed&quot;
E    AssertionError: cc and zz comparison failed
E    assert 45 == 25
E      -45
E      +25

myfile\test_basic_fixture2.py:12: AssertionError</failure></testcase><testcase classname="myfile.test_sample" file="myfile\test_sample.py" line="1" name="test_file1_method1" time="0.004"><failure message="AssertionError: test failed because x=5 y=6
assert 5 == 6
  -5
  +6">@pytest.mark.set1
    def test_file1_method1():
    	x=5
    	y=6
    	assert x+1 == y,&quot;test failed&quot;
&gt;   	assert x == y,&quot;test failed because x=&quot; + str(x) + &quot; y=&quot; + str(y)
E    AssertionError: test failed because x=5 y=6
E    assert 5 == 6
E      -5
E      +6

myfile\test_sample.py:7: AssertionError</failure></testcase><testcase classname="myfile.test_sample" file="myfile\test_sample.py" line="8" name="test_file1_method2" time="0.002"></testcase><testcase classname="myfile.test_sample2" file="myfile\test_sample2.py" line="1" name="test_file2_method1" time="0.003"><failure message="AssertionError: test failed because x=5 y=6
assert 5 == 6
  -5
  +6">@pytest.mark.set1
    def test_file2_method1():
    	x=5
    	y=6
    	assert x+1 == y,&quot;test failed&quot;
&gt;   	assert x == y,&quot;test failed because x=&quot; + str(x) + &quot; y=&quot; + str(y)
E    AssertionError: test failed because x=5 y=6
E    assert 5 == 6
E      -5
E      +6

myfile\test_sample2.py:7: AssertionError</failure></testcase><testcase classname="myfile.test_sample2" file="myfile\test_sample2.py" line="8" name="test_file2_method2" time="0.002"></testcase></testsuite>