<?xml version="1.0" encoding="utf-8"?><testsuite errors="0" failures="0" name="pytest" skipped="0" tests="6" time="4.268"><testcase classname="tests.test_list_user" file="tests\test_list_user.py" line="3" name="test_list_valid_user[1-George]" time="1.020"></testcase><testcase classname="tests.test_list_user" file="tests\test_list_user.py" line="3" name="test_list_valid_user[2-Janet]" time="0.728"></testcase><testcase classname="tests.test_list_user" file="tests\test_list_user.py" line="12" name="test_list_invaliduser" time="0.644"></testcase><testcase classname="tests.test_login_user" file="tests\test_login_user.py" line="3" name="test_login_valid" time="0.488"></testcase><testcase classname="tests.test_login_user" file="tests\test_login_user.py" line="11" name="test_login_no_password" time="0.480"></testcase><testcase classname="tests.test_login_user" file="tests\test_login_user.py" line="19" name="test_login_no_email" time="0.720"></testcase></testsuite>