<?xml version="1.0" encoding="utf-8"?><testsuite errors="0" failures="0" name="pytest" skipped="0" tests="6" time="4.365"><testcase classname="test_list_user" file="test_list_user.py" line="3" name="test_list_valid_user[1-George]" time="0.956"></testcase><testcase classname="test_list_user" file="test_list_user.py" line="3" name="test_list_valid_user[2-Janet]" time="0.692"></testcase><testcase classname="test_list_user" file="test_list_user.py" line="12" name="test_list_invaliduser" time="0.720"></testcase><testcase classname="test_login_user" file="test_login_user.py" line="3" name="test_login_valid" time="0.700"></testcase><testcase classname="test_login_user" file="test_login_user.py" line="11" name="test_login_no_password" time="0.716"></testcase><testcase classname="test_login_user" file="test_login_user.py" line="19" name="test_login_no_email" time="0.452"></testcase></testsuite>