<?xml version="1.0" encoding="utf-8"?><testsuite errors="0" failures="0" name="pytest" skipped="0" tests="12" time="0.089"><testcase classname="test_calc_func" file="test_calc_func.py" line="14" name="test_add" time="0.016"></testcase><testcase classname="test_calc_func" file="test_calc_func.py" line="19" name="test_subtract" time="0.000"></testcase><testcase classname="test_calc_func" file="test_calc_func.py" line="24" name="test_subtract_negative" time="0.000"></testcase><testcase classname="test_calc_func" file="test_calc_func.py" line="29" name="test_multiply" time="0.000"></testcase><testcase classname="test_calc_func" file="test_calc_func.py" line="34" name="test_divide" time="0.000"></testcase><testcase classname="test_calc_func" file="test_calc_func.py" line="42" name="test_divide_by_zero" time="0.000"></testcase><testcase classname="test_calc_func" file="test_calc_func.py" line="51" name="test_maximum[3.0-2.0-3.0]" time="0.000"></testcase><testcase classname="test_calc_func" file="test_calc_func.py" line="51" name="test_maximum[2.0-3.0-3.0]" time="0.000"></testcase><testcase classname="test_calc_func" file="test_calc_func.py" line="51" name="test_maximum[3.0-3.0-3.0]" time="0.000"></testcase><testcase classname="test_calc_func" file="test_calc_func.py" line="60" name="test_minimum[3.0-2.0-2.0]" time="0.000"></testcase><testcase classname="test_calc_func" file="test_calc_func.py" line="60" name="test_minimum[2.0-3.0-2.0]" time="0.000"></testcase><testcase classname="test_calc_func" file="test_calc_func.py" line="60" name="test_minimum[2.0-2.0-2.0]" time="0.000"></testcase></testsuite>